<?xml version="1.0" encoding="UTF-8"?>
<coverage generated="1643842506804" clover="3.2.0">
  <project timestamp="1643842506804" name="All files">
    <metrics statements="29" coveredstatements="29" conditionals="24" coveredconditionals="22" methods="6" coveredmethods="6" elements="59" coveredelements="57" complexity="0" loc="29" ncloc="29" packages="1" files="1" classes="1"/>
    <file name="haiku.js" path="/Users/lenawhite/Desktop/Projects/React/haiku-checker/src/js/haiku.js">
      <metrics statements="29" coveredstatements="29" conditionals="24" coveredconditionals="22" methods="6" coveredmethods="6"/>
      <line num="1" count="1" type="stmt"/>
      <line num="2" count="72" type="cond" truecount="2" falsecount="0"/>
      <line num="3" count="3" type="stmt"/>
      <line num="4" count="3" type="stmt"/>
      <line num="5" count="3" type="stmt"/>
      <line num="7" count="69" type="cond" truecount="2" falsecount="0"/>
      <line num="8" count="66" type="cond" truecount="5" falsecount="0"/>
      <line num="9" count="64" type="stmt"/>
      <line num="10" count="2" type="cond" truecount="3" falsecount="1"/>
      <line num="11" count="2" type="stmt"/>
      <line num="13" count="3" type="cond" truecount="1" falsecount="1"/>
      <line num="14" count="3" type="stmt"/>
      <line num="20" count="1" type="stmt"/>
      <line num="21" count="234" type="stmt"/>
      <line num="22" count="234" type="stmt"/>
      <line num="25" count="2" type="stmt"/>
      <line num="27" count="1" type="stmt"/>
      <line num="28" count="1" type="stmt"/>
      <line num="29" count="1" type="stmt"/>
      <line num="30" count="46" type="cond" truecount="2" falsecount="0"/>
      <line num="32" count="1" type="stmt"/>
      <line num="34" count="45" type="cond" truecount="2" falsecount="0"/>
      <line num="36" count="14" type="stmt"/>
      <line num="38" count="31" type="stmt"/>
      <line num="41" count="1" type="stmt"/>
      <line num="45" count="1" type="stmt"/>
      <line num="46" count="1" type="stmt"/>
      <line num="47" count="19" type="cond" truecount="5" falsecount="0"/>
      <line num="48" count="1" type="stmt"/>
    </file>
  </project>
</coverage>
