<?xml version="1.0" encoding="UTF-8"?>
<coverage generated="1643831834386" clover="3.2.0">
  <project timestamp="1643831834387" name="All files">
    <metrics statements="15" coveredstatements="15" conditionals="15" coveredconditionals="12" methods="2" coveredmethods="2" elements="32" coveredelements="29" complexity="0" loc="15" ncloc="15" packages="1" files="1" classes="1"/>
    <file name="haiku.js" path="/Users/lenawhite/Desktop/Projects/React/haiku-checker/src/js/haiku.js">
      <metrics statements="15" coveredstatements="15" conditionals="15" coveredconditionals="12" methods="2" coveredmethods="2"/>
      <line num="1" count="1" type="stmt"/>
      <line num="2" count="10" type="cond" truecount="2" falsecount="0"/>
      <line num="3" count="2" type="stmt"/>
      <line num="4" count="2" type="stmt"/>
      <line num="5" count="2" type="stmt"/>
      <line num="7" count="8" type="cond" truecount="2" falsecount="0"/>
      <line num="8" count="6" type="cond" truecount="4" falsecount="1"/>
      <line num="9" count="4" type="stmt"/>
      <line num="10" count="2" type="cond" truecount="3" falsecount="1"/>
      <line num="11" count="2" type="stmt"/>
      <line num="13" count="2" type="cond" truecount="1" falsecount="1"/>
      <line num="14" count="2" type="stmt"/>
      <line num="20" count="1" type="stmt"/>
      <line num="21" count="21" type="stmt"/>
      <line num="22" count="21" type="stmt"/>
    </file>
  </project>
</coverage>
