{"/Users/lenawhite/Desktop/Projects/React/haiku-checker/src/js/haiku.js": {"path":"/Users/lenawhite/Desktop/Projects/React/haiku-checker/src/js/haiku.js","statementMap":{"0":{"start":{"line":1,"column":33},"end":{"line":18,"column":1}},"1":{"start":{"line":2,"column":4},"end":{"line":16,"column":3}},"2":{"start":{"line":3,"column":4},"end":{"line":3,"column":25}},"3":{"start":{"line":4,"column":4},"end":{"line":4,"column":32}},"4":{"start":{"line":5,"column":4},"end":{"line":5,"column":19}},"5":{"start":{"line":7,"column":4},"end":{"line":15,"column":5}},"6":{"start":{"line":8,"column":6},"end":{"line":12,"column":7}},"7":{"start":{"line":9,"column":8},"end":{"line":9,"column":93}},"8":{"start":{"line":10,"column":13},"end":{"line":12,"column":7}},"9":{"start":{"line":11,"column":8},"end":{"line":11,"column":67}},"10":{"start":{"line":13,"column":11},"end":{"line":15,"column":5}},"11":{"start":{"line":14,"column":6},"end":{"line":14,"column":91}},"12":{"start":{"line":20,"column":26},"end":{"line":23,"column":1}},"13":{"start":{"line":21,"column":20},"end":{"line":21,"column":41}},"14":{"start":{"line":22,"column":2},"end":{"line":22,"column":49}},"15":{"start":{"line":25,"column":23},"end":{"line":25,"column":61}},"16":{"start":{"line":25,"column":32},"end":{"line":25,"column":61}},"17":{"start":{"line":27,"column":29},"end":{"line":42,"column":1}},"18":{"start":{"line":28,"column":23},"end":{"line":28,"column":44}},"19":{"start":{"line":29,"column":14},"end":{"line":40,"column":3}},"20":{"start":{"line":30,"column":4},"end":{"line":33,"column":5}},"21":{"start":{"line":32,"column":6},"end":{"line":32,"column":15}},"22":{"start":{"line":34,"column":4},"end":{"line":39,"column":5}},"23":{"start":{"line":36,"column":6},"end":{"line":36,"column":36}},"24":{"start":{"line":38,"column":6},"end":{"line":38,"column":34}},"25":{"start":{"line":41,"column":2},"end":{"line":41,"column":29}},"26":{"start":{"line":45,"column":18},"end":{"line":45,"column":56}},"27":{"start":{"line":46,"column":20},"end":{"line":46,"column":39}},"28":{"start":{"line":47,"column":18},"end":{"line":47,"column":99}},"29":{"start":{"line":47,"column":42},"end":{"line":47,"column":98}},"30":{"start":{"line":48,"column":0},"end":{"line":48,"column":30}}},"fnMap":{"0":{"name":"(anonymous_0)","decl":{"start":{"line":1,"column":33},"end":{"line":1,"column":34}},"loc":{"start":{"line":1,"column":67},"end":{"line":18,"column":1}},"line":1},"1":{"name":"(anonymous_1)","decl":{"start":{"line":20,"column":26},"end":{"line":20,"column":27}},"loc":{"start":{"line":20,"column":37},"end":{"line":23,"column":1}},"line":20},"2":{"name":"(anonymous_2)","decl":{"start":{"line":25,"column":23},"end":{"line":25,"column":24}},"loc":{"start":{"line":25,"column":32},"end":{"line":25,"column":61}},"line":25},"3":{"name":"(anonymous_3)","decl":{"start":{"line":27,"column":29},"end":{"line":27,"column":30}},"loc":{"start":{"line":27,"column":40},"end":{"line":42,"column":1}},"line":27},"4":{"name":"(anonymous_4)","decl":{"start":{"line":29,"column":14},"end":{"line":29,"column":15}},"loc":{"start":{"line":29,"column":32},"end":{"line":40,"column":3}},"line":29},"5":{"name":"(anonymous_5)","decl":{"start":{"line":47,"column":37},"end":{"line":47,"column":38}},"loc":{"start":{"line":47,"column":42},"end":{"line":47,"column":98}},"line":47}},"branchMap":{"0":{"loc":{"start":{"line":2,"column":4},"end":{"line":16,"column":3}},"type":"if","locations":[{"start":{"line":2,"column":4},"end":{"line":16,"column":3}},{"start":{"line":2,"column":4},"end":{"line":16,"column":3}}],"line":2},"1":{"loc":{"start":{"line":7,"column":4},"end":{"line":15,"column":5}},"type":"if","locations":[{"start":{"line":7,"column":4},"end":{"line":15,"column":5}},{"start":{"line":7,"column":4},"end":{"line":15,"column":5}}],"line":7},"2":{"loc":{"start":{"line":8,"column":6},"end":{"line":12,"column":7}},"type":"if","locations":[{"start":{"line":8,"column":6},"end":{"line":12,"column":7}},{"start":{"line":8,"column":6},"end":{"line":12,"column":7}}],"line":8},"3":{"loc":{"start":{"line":8,"column":11},"end":{"line":8,"column":179}},"type":"binary-expr","locations":[{"start":{"line":8,"column":11},"end":{"line":8,"column":85}},{"start":{"line":8,"column":89},"end":{"line":8,"column":130}},{"start":{"line":8,"column":132},"end":{"line":8,"column":177}}],"line":8},"4":{"loc":{"start":{"line":10,"column":13},"end":{"line":12,"column":7}},"type":"if","locations":[{"start":{"line":10,"column":13},"end":{"line":12,"column":7}},{"start":{"line":10,"column":13},"end":{"line":12,"column":7}}],"line":10},"5":{"loc":{"start":{"line":10,"column":17},"end":{"line":10,"column":91}},"type":"binary-expr","locations":[{"start":{"line":10,"column":17},"end":{"line":10,"column":50}},{"start":{"line":10,"column":54},"end":{"line":10,"column":91}}],"line":10},"6":{"loc":{"start":{"line":13,"column":11},"end":{"line":15,"column":5}},"type":"if","locations":[{"start":{"line":13,"column":11},"end":{"line":15,"column":5}},{"start":{"line":13,"column":11},"end":{"line":15,"column":5}}],"line":13},"7":{"loc":{"start":{"line":30,"column":4},"end":{"line":33,"column":5}},"type":"if","locations":[{"start":{"line":30,"column":4},"end":{"line":33,"column":5}},{"start":{"line":30,"column":4},"end":{"line":33,"column":5}}],"line":30},"8":{"loc":{"start":{"line":34,"column":4},"end":{"line":39,"column":5}},"type":"if","locations":[{"start":{"line":34,"column":4},"end":{"line":39,"column":5}},{"start":{"line":34,"column":4},"end":{"line":39,"column":5}}],"line":34},"9":{"loc":{"start":{"line":47,"column":42},"end":{"line":47,"column":98}},"type":"binary-expr","locations":[{"start":{"line":47,"column":42},"end":{"line":47,"column":51}},{"start":{"line":47,"column":55},"end":{"line":47,"column":64}},{"start":{"line":47,"column":68},"end":{"line":47,"column":77}},{"start":{"line":47,"column":80},"end":{"line":47,"column":89}},{"start":{"line":47,"column":91},"end":{"line":47,"column":98}}],"line":47}},"s":{"0":1,"1":72,"2":3,"3":3,"4":3,"5":69,"6":66,"7":64,"8":2,"9":2,"10":3,"11":3,"12":1,"13":234,"14":234,"15":1,"16":2,"17":1,"18":1,"19":1,"20":46,"21":1,"22":45,"23":14,"24":31,"25":1,"26":1,"27":1,"28":1,"29":19,"30":1},"f":{"0":72,"1":234,"2":2,"3":1,"4":46,"5":19},"b":{"0":[3,69],"1":[66,3],"2":[64,2],"3":[66,26,24],"4":[2,0],"5":[2,2],"6":[3,0],"7":[1,45],"8":[14,31],"9":[19,19,17,16,14]},"_coverageSchema":"43e27e138ebf9cfc5966b082cf9a028302ed4184","hash":"3420d035d556603f9d6cf4a37759241abf661e3c"}
}
