{"/Users/lenawhite/Desktop/Projects/React/haiku-checker/src/js/haiku.js": {"path":"/Users/lenawhite/Desktop/Projects/React/haiku-checker/src/js/haiku.js","statementMap":{"0":{"start":{"line":1,"column":33},"end":{"line":18,"column":1}},"1":{"start":{"line":2,"column":4},"end":{"line":16,"column":3}},"2":{"start":{"line":3,"column":4},"end":{"line":3,"column":25}},"3":{"start":{"line":4,"column":4},"end":{"line":4,"column":32}},"4":{"start":{"line":5,"column":4},"end":{"line":5,"column":12}},"5":{"start":{"line":7,"column":4},"end":{"line":15,"column":5}},"6":{"start":{"line":8,"column":6},"end":{"line":12,"column":7}},"7":{"start":{"line":9,"column":8},"end":{"line":9,"column":86}},"8":{"start":{"line":10,"column":13},"end":{"line":12,"column":7}},"9":{"start":{"line":11,"column":8},"end":{"line":11,"column":60}},"10":{"start":{"line":13,"column":11},"end":{"line":15,"column":5}},"11":{"start":{"line":14,"column":6},"end":{"line":14,"column":84}},"12":{"start":{"line":20,"column":26},"end":{"line":23,"column":1}},"13":{"start":{"line":21,"column":20},"end":{"line":21,"column":41}},"14":{"start":{"line":22,"column":2},"end":{"line":22,"column":49}}},"fnMap":{"0":{"name":"(anonymous_0)","decl":{"start":{"line":1,"column":33},"end":{"line":1,"column":34}},"loc":{"start":{"line":1,"column":67},"end":{"line":18,"column":1}},"line":1},"1":{"name":"(anonymous_1)","decl":{"start":{"line":20,"column":26},"end":{"line":20,"column":27}},"loc":{"start":{"line":20,"column":37},"end":{"line":23,"column":1}},"line":20}},"branchMap":{"0":{"loc":{"start":{"line":2,"column":4},"end":{"line":16,"column":3}},"type":"if","locations":[{"start":{"line":2,"column":4},"end":{"line":16,"column":3}},{"start":{"line":2,"column":4},"end":{"line":16,"column":3}}],"line":2},"1":{"loc":{"start":{"line":7,"column":4},"end":{"line":15,"column":5}},"type":"if","locations":[{"start":{"line":7,"column":4},"end":{"line":15,"column":5}},{"start":{"line":7,"column":4},"end":{"line":15,"column":5}}],"line":7},"2":{"loc":{"start":{"line":8,"column":6},"end":{"line":12,"column":7}},"type":"if","locations":[{"start":{"line":8,"column":6},"end":{"line":12,"column":7}},{"start":{"line":8,"column":6},"end":{"line":12,"column":7}}],"line":8},"3":{"loc":{"start":{"line":8,"column":11},"end":{"line":8,"column":179}},"type":"binary-expr","locations":[{"start":{"line":8,"column":11},"end":{"line":8,"column":85}},{"start":{"line":8,"column":89},"end":{"line":8,"column":130}},{"start":{"line":8,"column":132},"end":{"line":8,"column":177}}],"line":8},"4":{"loc":{"start":{"line":10,"column":13},"end":{"line":12,"column":7}},"type":"if","locations":[{"start":{"line":10,"column":13},"end":{"line":12,"column":7}},{"start":{"line":10,"column":13},"end":{"line":12,"column":7}}],"line":10},"5":{"loc":{"start":{"line":10,"column":17},"end":{"line":10,"column":91}},"type":"binary-expr","locations":[{"start":{"line":10,"column":17},"end":{"line":10,"column":50}},{"start":{"line":10,"column":54},"end":{"line":10,"column":91}}],"line":10},"6":{"loc":{"start":{"line":13,"column":11},"end":{"line":15,"column":5}},"type":"if","locations":[{"start":{"line":13,"column":11},"end":{"line":15,"column":5}},{"start":{"line":13,"column":11},"end":{"line":15,"column":5}}],"line":13}},"s":{"0":1,"1":10,"2":2,"3":2,"4":2,"5":8,"6":6,"7":4,"8":2,"9":2,"10":2,"11":2,"12":1,"13":21,"14":21},"f":{"0":10,"1":21},"b":{"0":[2,8],"1":[6,2],"2":[4,2],"3":[6,2,0],"4":[2,0],"5":[2,2],"6":[2,0]},"_coverageSchema":"43e27e138ebf9cfc5966b082cf9a028302ed4184","hash":"b97202a23a2f17757e3e98882bb6fc537ec363b2"}
}
