TN:
SF:/Users/lenawhite/Desktop/Projects/React/haiku-checker/src/js/haiku.js
FN:1,(anonymous_0)
FN:20,(anonymous_1)
FN:25,(anonymous_2)
FN:27,(anonymous_3)
FN:29,(anonymous_4)
FN:47,(anonymous_5)
FNF:6
FNH:6
FNDA:72,(anonymous_0)
FNDA:234,(anonymous_1)
FNDA:2,(anonymous_2)
FNDA:1,(anonymous_3)
FNDA:46,(anonymous_4)
FNDA:19,(anonymous_5)
DA:1,1
DA:2,72
DA:3,3
DA:4,3
DA:5,3
DA:7,69
DA:8,66
DA:9,64
DA:10,2
DA:11,2
DA:13,3
DA:14,3
DA:20,1
DA:21,234
DA:22,234
DA:25,2
DA:27,1
DA:28,1
DA:29,1
DA:30,46
DA:32,1
DA:34,45
DA:36,14
DA:38,31
DA:41,1
DA:45,1
DA:46,1
DA:47,19
DA:48,1
LF:29
LH:29
BRDA:2,0,0,3
BRDA:2,0,1,69
BRDA:7,1,0,66
BRDA:7,1,1,3
BRDA:8,2,0,64
BRDA:8,2,1,2
BRDA:8,3,0,66
BRDA:8,3,1,26
BRDA:8,3,2,24
BRDA:10,4,0,2
BRDA:10,4,1,0
BRDA:10,5,0,2
BRDA:10,5,1,2
BRDA:13,6,0,3
BRDA:13,6,1,0
BRDA:30,7,0,1
BRDA:30,7,1,45
BRDA:34,8,0,14
BRDA:34,8,1,31
BRDA:47,9,0,19
BRDA:47,9,1,19
BRDA:47,9,2,17
BRDA:47,9,3,16
BRDA:47,9,4,14
BRF:24
BRH:22
end_of_record
