TN:
SF:/Users/lenawhite/Desktop/Projects/React/haiku-checker/src/js/haiku.js
FN:1,(anonymous_0)
FN:20,(anonymous_1)
FNF:2
FNH:2
FNDA:10,(anonymous_0)
FNDA:21,(anonymous_1)
DA:1,1
DA:2,10
DA:3,2
DA:4,2
DA:5,2
DA:7,8
DA:8,6
DA:9,4
DA:10,2
DA:11,2
DA:13,2
DA:14,2
DA:20,1
DA:21,21
DA:22,21
LF:15
LH:15
BRDA:2,0,0,2
BRDA:2,0,1,8
BRDA:7,1,0,6
BRDA:7,1,1,2
BRDA:8,2,0,4
BRDA:8,2,1,2
BRDA:8,3,0,6
BRDA:8,3,1,2
BRDA:8,3,2,0
BRDA:10,4,0,2
BRDA:10,4,1,0
BRDA:10,5,0,2
BRDA:10,5,1,2
BRDA:13,6,0,2
BRDA:13,6,1,0
BRF:15
BRH:12
end_of_record
